12/03/1999-06:34:57.474450  [**] [1:2200003:2] SURICATA IPv4 truncated packet [**] [Classification: Generic Protocol Command Decode] [Priority: 3] [**] [Raw pkt: 00 00 C0 9F A0 97 00 A0 CC 3B BF FA 08 00 45 10 00 35 16 BD 40 00 40 06 A2 A2 C0 A8 00 02 C0 A8 ] [pcap file packet: 49]
12/03/1999-06:35:08.122231  [**] [1:2200003:2] SURICATA IPv4 truncated packet [**] [Classification: Generic Protocol Command Decode] [Priority: 3] [**] [Raw pkt: 00 00 C0 9F A0 97 00 A0 CC 3B BF FA 08 00 45 10 00 35 16 D5 40 00 40 06 A2 8A C0 A8 00 02 C0 A8 ] [pcap file packet: 97]
12/03/1999-06:35:13.527631  [**] [1:2200003:2] SURICATA IPv4 truncated packet [**] [Classification: Generic Protocol Command Decode] [Priority: 3] [**] [Raw pkt: 00 00 C0 9F A0 97 00 A0 CC 3B BF FA 08 00 45 10 00 35 16 EB 40 00 40 06 A2 74 C0 A8 00 02 C0 A8 ] [pcap file packet: 141]
12/03/1999-06:35:17.521403  [**] [1:2200003:2] SURICATA IPv4 truncated packet [**] [Classification: Generic Protocol Command Decode] [Priority: 3] [**] [Raw pkt: 00 00 C0 9F A0 97 00 A0 CC 3B BF FA 08 00 45 10 00 35 17 01 40 00 40 06 A2 5E C0 A8 00 02 C0 A8 ] [pcap file packet: 185]
12/03/1999-06:34:57.377633  [**] [1:2200003:2] SURICATA IPv4 truncated packet [**] [Classification: Generic Protocol Command Decode] [Priority: 3] [**] [Raw pkt: 00 00 C0 9F A0 97 00 A0 CC 3B BF FA 08 00 45 10 00 35 16 BB 40 00 40 06 A2 A4 C0 A8 00 02 C0 A8 ] [pcap file packet: 45]
12/03/1999-06:35:07.755394  [**] [1:2200003:2] SURICATA IPv4 truncated packet [**] [Classification: Generic Protocol Command Decode] [Priority: 3] [**] [Raw pkt: 00 00 C0 9F A0 97 00 A0 CC 3B BF FA 08 00 45 10 00 35 16 D3 40 00 40 06 A2 8C C0 A8 00 02 C0 A8 ] [pcap file packet: 93]
12/03/1999-06:35:12.450049  [**] [1:2200003:2] SURICATA IPv4 truncated packet [**] [Classification: Generic Protocol Command Decode] [Priority: 3] [**] [Raw pkt: 00 00 C0 9F A0 97 00 A0 CC 3B BF FA 08 00 45 10 00 35 16 E5 40 00 40 06 A2 7A C0 A8 00 02 C0 A8 ] [pcap file packet: 129]
12/03/1999-06:35:17.281658  [**] [1:2200003:2] SURICATA IPv4 truncated packet [**] [Classification: Generic Protocol Command Decode] [Priority: 3] [**] [Raw pkt: 00 00 C0 9F A0 97 00 A0 CC 3B BF FA 08 00 45 10 00 35 16 FF 40 00 40 06 A2 60 C0 A8 00 02 C0 A8 ] [pcap file packet: 181]
12/03/1999-06:34:56.968624  [**] [1:2200003:2] SURICATA IPv4 truncated packet [**] [Classification: Generic Protocol Command Decode] [Priority: 3] [**] [Raw pkt: 00 00 C0 9F A0 97 00 A0 CC 3B BF FA 08 00 45 10 00 35 16 B7 40 00 40 06 A2 A8 C0 A8 00 02 C0 A8 ] [pcap file packet: 37]
12/03/1999-06:35:05.046131  [**] [1:2200003:2] SURICATA IPv4 truncated packet [**] [Classification: Generic Protocol Command Decode] [Priority: 3] [**] [Raw pkt: 00 00 C0 9F A0 97 00 A0 CC 3B BF FA 08 00 45 10 00 35 16 CE 40 00 40 06 A2 91 C0 A8 00 02 C0 A8 ] [pcap file packet: 83]
12/03/1999-06:35:08.425789  [**] [1:2200003:2] SURICATA IPv4 truncated packet [**] [Classification: Generic Protocol Command Decode] [Priority: 3] [**] [Raw pkt: 00 00 C0 9F A0 97 00 A0 CC 3B BF FA 08 00 45 10 00 35 16 D7 40 00 40 06 A2 88 C0 A8 00 02 C0 A8 ] [pcap file packet: 101]
12/03/1999-06:35:14.178468  [**] [1:2200003:2] SURICATA IPv4 truncated packet [**] [Classification: Generic Protocol Command Decode] [Priority: 3] [**] [Raw pkt: 00 00 C0 9F A0 97 00 A0 CC 3B BF FA 08 00 45 10 00 35 16 EF 40 00 40 06 A2 70 C0 A8 00 02 C0 A8 ] [pcap file packet: 149]
12/03/1999-06:34:57.190838  [**] [1:2200003:2] SURICATA IPv4 truncated packet [**] [Classification: Generic Protocol Command Decode] [Priority: 3] [**] [Raw pkt: 00 00 C0 9F A0 97 00 A0 CC 3B BF FA 08 00 45 10 00 35 16 B9 40 00 40 06 A2 A6 C0 A8 00 02 C0 A8 ] [pcap file packet: 41]
12/03/1999-06:35:06.141147  [**] [1:2200003:2] SURICATA IPv4 truncated packet [**] [Classification: Generic Protocol Command Decode] [Priority: 3] [**] [Raw pkt: 00 00 C0 9F A0 97 00 A0 CC 3B BF FA 08 00 45 10 00 36 16 D0 40 00 40 06 A2 8E C0 A8 00 02 C0 A8 ] [pcap file packet: 87]
12/03/1999-06:35:08.922960  [**] [1:2200003:2] SURICATA IPv4 truncated packet [**] [Classification: Generic Protocol Command Decode] [Priority: 3] [**] [Raw pkt: 00 00 C0 9F A0 97 00 A0 CC 3B BF FA 08 00 45 10 00 35 16 D9 40 00 40 06 A2 86 C0 A8 00 02 C0 A8 ] [pcap file packet: 105]
12/03/1999-06:35:14.880116  [**] [1:2200003:2] SURICATA IPv4 truncated packet [**] [Classification: Generic Protocol Command Decode] [Priority: 3] [**] [Raw pkt: 00 00 C0 9F A0 97 00 A0 CC 3B BF FA 08 00 45 10 00 35 16 F5 40 00 40 06 A2 6A C0 A8 00 02 C0 A8 ] [pcap file packet: 161]
12/03/1999-06:35:17.778449  [**] [1:2200003:2] SURICATA IPv4 truncated packet [**] [Classification: Generic Protocol Command Decode] [Priority: 3] [**] [Raw pkt: 00 00 C0 9F A0 97 00 A0 CC 3B BF FA 08 00 45 10 00 35 17 03 40 00 40 06 A2 5C C0 A8 00 02 C0 A8 ] [pcap file packet: 189]
12/03/1999-06:35:20.012788  [**] [1:2200003:2] SURICATA IPv4 truncated packet [**] [Classification: Generic Protocol Command Decode] [Priority: 3] [**] [Raw pkt: 00 00 C0 9F A0 97 00 A0 CC 3B BF FA 08 00 45 10 00 35 17 0B 40 00 40 06 A2 54 C0 A8 00 02 C0 A8 ] [pcap file packet: 205]
12/03/1999-06:35:19.124588  [**] [1:2200003:2] SURICATA IPv4 truncated packet [**] [Classification: Generic Protocol Command Decode] [Priority: 3] [**] [Raw pkt: 00 00 C0 9F A0 97 00 A0 CC 3B BF FA 08 00 45 10 00 35 17 09 40 00 40 06 A2 56 C0 A8 00 02 C0 A8 ] [pcap file packet: 201]
12/03/1999-06:35:22.163734  [**] [1:2200003:2] SURICATA IPv4 truncated packet [**] [Classification: Generic Protocol Command Decode] [Priority: 3] [**] [Raw pkt: 00 00 C0 9F A0 97 00 A0 CC 3B BF FA 08 00 45 10 00 36 17 11 40 00 40 06 A2 4D C0 A8 00 02 C0 A8 ] [pcap file packet: 217]
12/03/1999-06:35:20.188614  [**] [1:2200003:2] SURICATA IPv4 truncated packet [**] [Classification: Generic Protocol Command Decode] [Priority: 3] [**] [Raw pkt: 00 00 C0 9F A0 97 00 A0 CC 3B BF FA 08 00 45 10 00 35 17 0F 40 00 40 06 A2 50 C0 A8 00 02 C0 A8 ] [pcap file packet: 213]
12/03/1999-06:35:42.652125  [**] [1:2200003:2] SURICATA IPv4 truncated packet [**] [Classification: Generic Protocol Command Decode] [Priority: 3] [**] [Raw pkt: 00 00 C0 9F A0 97 00 A0 CC 3B BF FA 08 00 45 10 00 36 17 2A 40 00 40 06 A2 34 C0 A8 00 02 C0 A8 ] [pcap file packet: 268]
12/03/1999-06:35:20.111646  [**] [1:2200003:2] SURICATA IPv4 truncated packet [**] [Classification: Generic Protocol Command Decode] [Priority: 3] [**] [Raw pkt: 00 00 C0 9F A0 97 00 A0 CC 3B BF FA 08 00 45 10 00 35 17 0D 40 00 40 06 A2 52 C0 A8 00 02 C0 A8 ] [pcap file packet: 209]
12/03/1999-06:35:38.205845  [**] [1:2200003:2] SURICATA IPv4 truncated packet [**] [Classification: Generic Protocol Command Decode] [Priority: 3] [**] [Raw pkt: 00 00 C0 9F A0 97 00 A0 CC 3B BF FA 08 00 45 10 00 35 17 24 40 00 40 06 A2 3B C0 A8 00 02 C0 A8 ] [pcap file packet: 256]
12/03/1999-06:35:40.950173  [**] [1:2200003:2] SURICATA IPv4 truncated packet [**] [Classification: Generic Protocol Command Decode] [Priority: 3] [**] [Raw pkt: 00 00 C0 9F A0 97 00 A0 CC 3B BF FA 08 00 45 10 00 35 17 28 40 00 40 06 A2 37 C0 A8 00 02 C0 A8 ] [pcap file packet: 264]
12/03/1999-06:34:57.190838  [**] [1:2200003:2] SURICATA IPv4 truncated packet [**] [Classification: Generic Protocol Command Decode] [Priority: 3] [**] [Raw pkt: 00 00 C0 9F A0 97 00 A0 CC 3B BF FA 08 00 45 10 00 35 16 B9 40 00 40 06 A2 A6 C0 A8 00 02 C0 A8 ] [pcap file packet: 41]
12/03/1999-06:34:56.968624  [**] [1:2200003:2] SURICATA IPv4 truncated packet [**] [Classification: Generic Protocol Command Decode] [Priority: 3] [**] [Raw pkt: 00 00 C0 9F A0 97 00 A0 CC 3B BF FA 08 00 45 10 00 35 16 B7 40 00 40 06 A2 A8 C0 A8 00 02 C0 A8 ] [pcap file packet: 37]
12/03/1999-06:35:05.046131  [**] [1:2200003:2] SURICATA IPv4 truncated packet [**] [Classification: Generic Protocol Command Decode] [Priority: 3] [**] [Raw pkt: 00 00 C0 9F A0 97 00 A0 CC 3B BF FA 08 00 45 10 00 35 16 CE 40 00 40 06 A2 91 C0 A8 00 02 C0 A8 ] [pcap file packet: 83]
12/03/1999-06:35:06.141147  [**] [1:2200003:2] SURICATA IPv4 truncated packet [**] [Classification: Generic Protocol Command Decode] [Priority: 3] [**] [Raw pkt: 00 00 C0 9F A0 97 00 A0 CC 3B BF FA 08 00 45 10 00 36 16 D0 40 00 40 06 A2 8E C0 A8 00 02 C0 A8 ] [pcap file packet: 87]
12/03/1999-06:35:08.425789  [**] [1:2200003:2] SURICATA IPv4 truncated packet [**] [Classification: Generic Protocol Command Decode] [Priority: 3] [**] [Raw pkt: 00 00 C0 9F A0 97 00 A0 CC 3B BF FA 08 00 45 10 00 35 16 D7 40 00 40 06 A2 88 C0 A8 00 02 C0 A8 ] [pcap file packet: 101]
12/03/1999-06:35:08.922960  [**] [1:2200003:2] SURICATA IPv4 truncated packet [**] [Classification: Generic Protocol Command Decode] [Priority: 3] [**] [Raw pkt: 00 00 C0 9F A0 97 00 A0 CC 3B BF FA 08 00 45 10 00 35 16 D9 40 00 40 06 A2 86 C0 A8 00 02 C0 A8 ] [pcap file packet: 105]
12/03/1999-06:35:14.178468  [**] [1:2200003:2] SURICATA IPv4 truncated packet [**] [Classification: Generic Protocol Command Decode] [Priority: 3] [**] [Raw pkt: 00 00 C0 9F A0 97 00 A0 CC 3B BF FA 08 00 45 10 00 35 16 EF 40 00 40 06 A2 70 C0 A8 00 02 C0 A8 ] [pcap file packet: 149]
12/03/1999-06:35:14.880116  [**] [1:2200003:2] SURICATA IPv4 truncated packet [**] [Classification: Generic Protocol Command Decode] [Priority: 3] [**] [Raw pkt: 00 00 C0 9F A0 97 00 A0 CC 3B BF FA 08 00 45 10 00 35 16 F5 40 00 40 06 A2 6A C0 A8 00 02 C0 A8 ] [pcap file packet: 161]
12/03/1999-06:35:17.778449  [**] [1:2200003:2] SURICATA IPv4 truncated packet [**] [Classification: Generic Protocol Command Decode] [Priority: 3] [**] [Raw pkt: 00 00 C0 9F A0 97 00 A0 CC 3B BF FA 08 00 45 10 00 35 17 03 40 00 40 06 A2 5C C0 A8 00 02 C0 A8 ] [pcap file packet: 189]
12/03/1999-06:35:19.124588  [**] [1:2200003:2] SURICATA IPv4 truncated packet [**] [Classification: Generic Protocol Command Decode] [Priority: 3] [**] [Raw pkt: 00 00 C0 9F A0 97 00 A0 CC 3B BF FA 08 00 45 10 00 35 17 09 40 00 40 06 A2 56 C0 A8 00 02 C0 A8 ] [pcap file packet: 201]
12/03/1999-06:35:20.188614  [**] [1:2200003:2] SURICATA IPv4 truncated packet [**] [Classification: Generic Protocol Command Decode] [Priority: 3] [**] [Raw pkt: 00 00 C0 9F A0 97 00 A0 CC 3B BF FA 08 00 45 10 00 35 17 0F 40 00 40 06 A2 50 C0 A8 00 02 C0 A8 ] [pcap file packet: 213]
12/03/1999-06:35:22.163734  [**] [1:2200003:2] SURICATA IPv4 truncated packet [**] [Classification: Generic Protocol Command Decode] [Priority: 3] [**] [Raw pkt: 00 00 C0 9F A0 97 00 A0 CC 3B BF FA 08 00 45 10 00 36 17 11 40 00 40 06 A2 4D C0 A8 00 02 C0 A8 ] [pcap file packet: 217]
12/03/1999-06:35:42.652125  [**] [1:2200003:2] SURICATA IPv4 truncated packet [**] [Classification: Generic Protocol Command Decode] [Priority: 3] [**] [Raw pkt: 00 00 C0 9F A0 97 00 A0 CC 3B BF FA 08 00 45 10 00 36 17 2A 40 00 40 06 A2 34 C0 A8 00 02 C0 A8 ] [pcap file packet: 268]
12/03/1999-06:34:57.377633  [**] [1:2200003:2] SURICATA IPv4 truncated packet [**] [Classification: Generic Protocol Command Decode] [Priority: 3] [**] [Raw pkt: 00 00 C0 9F A0 97 00 A0 CC 3B BF FA 08 00 45 10 00 35 16 BB 40 00 40 06 A2 A4 C0 A8 00 02 C0 A8 ] [pcap file packet: 45]
12/03/1999-06:35:07.755394  [**] [1:2200003:2] SURICATA IPv4 truncated packet [**] [Classification: Generic Protocol Command Decode] [Priority: 3] [**] [Raw pkt: 00 00 C0 9F A0 97 00 A0 CC 3B BF FA 08 00 45 10 00 35 16 D3 40 00 40 06 A2 8C C0 A8 00 02 C0 A8 ] [pcap file packet: 93]
12/03/1999-06:35:12.450049  [**] [1:2200003:2] SURICATA IPv4 truncated packet [**] [Classification: Generic Protocol Command Decode] [Priority: 3] [**] [Raw pkt: 00 00 C0 9F A0 97 00 A0 CC 3B BF FA 08 00 45 10 00 35 16 E5 40 00 40 06 A2 7A C0 A8 00 02 C0 A8 ] [pcap file packet: 129]
12/03/1999-06:35:17.281658  [**] [1:2200003:2] SURICATA IPv4 truncated packet [**] [Classification: Generic Protocol Command Decode] [Priority: 3] [**] [Raw pkt: 00 00 C0 9F A0 97 00 A0 CC 3B BF FA 08 00 45 10 00 35 16 FF 40 00 40 06 A2 60 C0 A8 00 02 C0 A8 ] [pcap file packet: 181]
12/03/1999-06:35:20.012788  [**] [1:2200003:2] SURICATA IPv4 truncated packet [**] [Classification: Generic Protocol Command Decode] [Priority: 3] [**] [Raw pkt: 00 00 C0 9F A0 97 00 A0 CC 3B BF FA 08 00 45 10 00 35 17 0B 40 00 40 06 A2 54 C0 A8 00 02 C0 A8 ] [pcap file packet: 205]
12/03/1999-06:35:38.205845  [**] [1:2200003:2] SURICATA IPv4 truncated packet [**] [Classification: Generic Protocol Command Decode] [Priority: 3] [**] [Raw pkt: 00 00 C0 9F A0 97 00 A0 CC 3B BF FA 08 00 45 10 00 35 17 24 40 00 40 06 A2 3B C0 A8 00 02 C0 A8 ] [pcap file packet: 256]
12/03/1999-06:34:57.474450  [**] [1:2200003:2] SURICATA IPv4 truncated packet [**] [Classification: Generic Protocol Command Decode] [Priority: 3] [**] [Raw pkt: 00 00 C0 9F A0 97 00 A0 CC 3B BF FA 08 00 45 10 00 35 16 BD 40 00 40 06 A2 A2 C0 A8 00 02 C0 A8 ] [pcap file packet: 49]
12/03/1999-06:35:08.122231  [**] [1:2200003:2] SURICATA IPv4 truncated packet [**] [Classification: Generic Protocol Command Decode] [Priority: 3] [**] [Raw pkt: 00 00 C0 9F A0 97 00 A0 CC 3B BF FA 08 00 45 10 00 35 16 D5 40 00 40 06 A2 8A C0 A8 00 02 C0 A8 ] [pcap file packet: 97]
12/03/1999-06:35:13.527631  [**] [1:2200003:2] SURICATA IPv4 truncated packet [**] [Classification: Generic Protocol Command Decode] [Priority: 3] [**] [Raw pkt: 00 00 C0 9F A0 97 00 A0 CC 3B BF FA 08 00 45 10 00 35 16 EB 40 00 40 06 A2 74 C0 A8 00 02 C0 A8 ] [pcap file packet: 141]
12/03/1999-06:35:17.521403  [**] [1:2200003:2] SURICATA IPv4 truncated packet [**] [Classification: Generic Protocol Command Decode] [Priority: 3] [**] [Raw pkt: 00 00 C0 9F A0 97 00 A0 CC 3B BF FA 08 00 45 10 00 35 17 01 40 00 40 06 A2 5E C0 A8 00 02 C0 A8 ] [pcap file packet: 185]
12/03/1999-06:35:20.111646  [**] [1:2200003:2] SURICATA IPv4 truncated packet [**] [Classification: Generic Protocol Command Decode] [Priority: 3] [**] [Raw pkt: 00 00 C0 9F A0 97 00 A0 CC 3B BF FA 08 00 45 10 00 35 17 0D 40 00 40 06 A2 52 C0 A8 00 02 C0 A8 ] [pcap file packet: 209]
12/03/1999-06:35:40.950173  [**] [1:2200003:2] SURICATA IPv4 truncated packet [**] [Classification: Generic Protocol Command Decode] [Priority: 3] [**] [Raw pkt: 00 00 C0 9F A0 97 00 A0 CC 3B BF FA 08 00 45 10 00 35 17 28 40 00 40 06 A2 37 C0 A8 00 02 C0 A8 ] [pcap file packet: 264]
